{"C:\\Users\\Usuario\\Desktop\\UTN\\INGENIERIA Y CALIDAD DE SOFTWARE\\proyecto1\\Proyecto1_Front\\src\\componentes\\gestion-producto\\producto\\interfaces\\interfaces-validaciones-producto.tsx": {"path":"C:\\Users\\Usuario\\Desktop\\UTN\\INGENIERIA Y CALIDAD DE SOFTWARE\\proyecto1\\Proyecto1_Front\\src\\componentes\\gestion-producto\\producto\\interfaces\\interfaces-validaciones-producto.tsx","statementMap":{"0":{"start":{"line":53,"column":22},"end":{"line":172,"column":null}},"1":{"start":{"line":54,"column":2},"end":{"line":172,"column":null}},"2":{"start":{"line":97,"column":44},"end":{"line":97,"column":80}},"3":{"start":{"line":103,"column":44},"end":{"line":103,"column":80}},"4":{"start":{"line":121,"column":16},"end":{"line":121,"column":null}},"5":{"start":{"line":123,"column":8},"end":{"line":125,"column":null}},"6":{"start":{"line":126,"column":29},"end":{"line":126,"column":null}},"7":{"start":{"line":129,"column":16},"end":{"line":129,"column":null}},"8":{"start":{"line":130,"column":24},"end":{"line":130,"column":null}},"9":{"start":{"line":131,"column":29},"end":{"line":131,"column":null}},"10":{"start":{"line":176,"column":29},"end":{"line":214,"column":null}},"11":{"start":{"line":177,"column":2},"end":{"line":213,"column":null}},"12":{"start":{"line":216,"column":41},"end":{"line":223,"column":null}},"13":{"start":{"line":217,"column":2},"end":{"line":222,"column":null}},"14":{"start":{"line":217,"column":30},"end":{"line":222,"column":4}},"15":{"start":{"line":225,"column":47},"end":{"line":231,"column":null}},"16":{"start":{"line":226,"column":2},"end":{"line":230,"column":null}},"17":{"start":{"line":226,"column":30},"end":{"line":230,"column":4}}},"fnMap":{"0":{"name":"(anonymous_0)","decl":{"start":{"line":53,"column":22},"end":{"line":53,"column":23}},"loc":{"start":{"line":54,"column":2},"end":{"line":172,"column":null}},"line":54},"1":{"name":"(anonymous_1)","decl":{"start":{"line":97,"column":17},"end":{"line":97,"column":18}},"loc":{"start":{"line":97,"column":44},"end":{"line":97,"column":80}},"line":97},"2":{"name":"(anonymous_2)","decl":{"start":{"line":103,"column":17},"end":{"line":103,"column":18}},"loc":{"start":{"line":103,"column":44},"end":{"line":103,"column":80}},"line":103},"3":{"name":"(anonymous_3)","decl":{"start":{"line":121,"column":10},"end":{"line":121,"column":16}},"loc":{"start":{"line":121,"column":16},"end":{"line":121,"column":null}},"line":121},"4":{"name":"(anonymous_4)","decl":{"start":{"line":122,"column":12},"end":{"line":122,"column":13}},"loc":{"start":{"line":123,"column":8},"end":{"line":125,"column":null}},"line":123},"5":{"name":"(anonymous_5)","decl":{"start":{"line":126,"column":17},"end":{"line":126,"column":18}},"loc":{"start":{"line":126,"column":29},"end":{"line":126,"column":null}},"line":126},"6":{"name":"(anonymous_6)","decl":{"start":{"line":129,"column":10},"end":{"line":129,"column":16}},"loc":{"start":{"line":129,"column":16},"end":{"line":129,"column":null}},"line":129},"7":{"name":"(anonymous_7)","decl":{"start":{"line":130,"column":12},"end":{"line":130,"column":13}},"loc":{"start":{"line":130,"column":24},"end":{"line":130,"column":null}},"line":130},"8":{"name":"(anonymous_8)","decl":{"start":{"line":131,"column":17},"end":{"line":131,"column":18}},"loc":{"start":{"line":131,"column":29},"end":{"line":131,"column":null}},"line":131},"9":{"name":"(anonymous_9)","decl":{"start":{"line":176,"column":29},"end":{"line":176,"column":30}},"loc":{"start":{"line":176,"column":65},"end":{"line":214,"column":null}},"line":176},"10":{"name":"(anonymous_10)","decl":{"start":{"line":216,"column":41},"end":{"line":216,"column":42}},"loc":{"start":{"line":216,"column":96},"end":{"line":223,"column":null}},"line":216},"11":{"name":"(anonymous_11)","decl":{"start":{"line":217,"column":19},"end":{"line":217,"column":20}},"loc":{"start":{"line":217,"column":30},"end":{"line":222,"column":4}},"line":217},"12":{"name":"(anonymous_12)","decl":{"start":{"line":225,"column":47},"end":{"line":225,"column":48}},"loc":{"start":{"line":225,"column":114},"end":{"line":231,"column":null}},"line":225},"13":{"name":"(anonymous_13)","decl":{"start":{"line":226,"column":19},"end":{"line":226,"column":20}},"loc":{"start":{"line":226,"column":30},"end":{"line":230,"column":4}},"line":226}},"branchMap":{"0":{"loc":{"start":{"line":97,"column":44},"end":{"line":97,"column":80}},"type":"cond-expr","locations":[{"start":{"line":97,"column":67},"end":{"line":97,"column":74}},{"start":{"line":97,"column":74},"end":{"line":97,"column":80}}],"line":97},"1":{"loc":{"start":{"line":103,"column":44},"end":{"line":103,"column":80}},"type":"cond-expr","locations":[{"start":{"line":103,"column":67},"end":{"line":103,"column":74}},{"start":{"line":103,"column":74},"end":{"line":103,"column":80}}],"line":103},"2":{"loc":{"start":{"line":179,"column":17},"end":{"line":179,"column":null}},"type":"binary-expr","locations":[{"start":{"line":179,"column":17},"end":{"line":179,"column":41}},{"start":{"line":179,"column":41},"end":{"line":179,"column":null}}],"line":179},"3":{"loc":{"start":{"line":180,"column":21},"end":{"line":180,"column":null}},"type":"binary-expr","locations":[{"start":{"line":180,"column":21},"end":{"line":180,"column":49}},{"start":{"line":180,"column":49},"end":{"line":180,"column":null}}],"line":180},"4":{"loc":{"start":{"line":181,"column":22},"end":{"line":181,"column":null}},"type":"binary-expr","locations":[{"start":{"line":181,"column":22},"end":{"line":181,"column":51}},{"start":{"line":181,"column":51},"end":{"line":181,"column":null}}],"line":181},"5":{"loc":{"start":{"line":182,"column":17},"end":{"line":182,"column":null}},"type":"binary-expr","locations":[{"start":{"line":182,"column":17},"end":{"line":182,"column":41}},{"start":{"line":182,"column":41},"end":{"line":182,"column":null}}],"line":182},"6":{"loc":{"start":{"line":183,"column":11},"end":{"line":183,"column":null}},"type":"binary-expr","locations":[{"start":{"line":183,"column":11},"end":{"line":183,"column":29}},{"start":{"line":183,"column":29},"end":{"line":183,"column":null}}],"line":183},"7":{"loc":{"start":{"line":184,"column":11},"end":{"line":184,"column":null}},"type":"binary-expr","locations":[{"start":{"line":184,"column":11},"end":{"line":184,"column":29}},{"start":{"line":184,"column":29},"end":{"line":184,"column":null}}],"line":184},"8":{"loc":{"start":{"line":185,"column":12},"end":{"line":185,"column":null}},"type":"binary-expr","locations":[{"start":{"line":185,"column":12},"end":{"line":185,"column":31}},{"start":{"line":185,"column":31},"end":{"line":185,"column":null}}],"line":185},"9":{"loc":{"start":{"line":186,"column":16},"end":{"line":186,"column":null}},"type":"binary-expr","locations":[{"start":{"line":186,"column":16},"end":{"line":186,"column":39}},{"start":{"line":186,"column":39},"end":{"line":186,"column":null}}],"line":186},"10":{"loc":{"start":{"line":193,"column":17},"end":{"line":193,"column":null}},"type":"binary-expr","locations":[{"start":{"line":193,"column":17},"end":{"line":193,"column":41}},{"start":{"line":193,"column":41},"end":{"line":193,"column":null}}],"line":193},"11":{"loc":{"start":{"line":195,"column":13},"end":{"line":195,"column":null}},"type":"binary-expr","locations":[{"start":{"line":195,"column":13},"end":{"line":195,"column":34}},{"start":{"line":195,"column":34},"end":{"line":195,"column":null}}],"line":195},"12":{"loc":{"start":{"line":196,"column":13},"end":{"line":196,"column":null}},"type":"binary-expr","locations":[{"start":{"line":196,"column":13},"end":{"line":196,"column":34}},{"start":{"line":196,"column":34},"end":{"line":196,"column":null}}],"line":196},"13":{"loc":{"start":{"line":200,"column":17},"end":{"line":200,"column":null}},"type":"binary-expr","locations":[{"start":{"line":200,"column":17},"end":{"line":200,"column":41}},{"start":{"line":200,"column":41},"end":{"line":200,"column":null}}],"line":200},"14":{"loc":{"start":{"line":201,"column":21},"end":{"line":201,"column":null}},"type":"binary-expr","locations":[{"start":{"line":201,"column":21},"end":{"line":201,"column":49}},{"start":{"line":201,"column":49},"end":{"line":201,"column":null}}],"line":201}},"s":{"0":1,"1":13,"2":17,"3":17,"4":34,"5":4,"6":30,"7":34,"8":0,"9":34,"10":1,"11":0,"12":1,"13":0,"14":0,"15":1,"16":0,"17":0},"f":{"0":13,"1":17,"2":17,"3":34,"4":4,"5":30,"6":34,"7":0,"8":34,"9":0,"10":0,"11":0,"12":0,"13":0},"b":{"0":[0,17],"1":[0,17],"2":[0,0],"3":[0,0],"4":[0,0],"5":[0,0],"6":[0,0],"7":[0,0],"8":[0,0],"9":[0,0],"10":[0,0],"11":[0,0],"12":[0,0],"13":[0,0],"14":[0,0]},"meta":{"lastBranch":15,"lastFunction":14,"lastStatement":18,"seen":{"s:53:22:172:Infinity":0,"f:53:22:53:23":0,"s:54:2:172:Infinity":1,"f:97:17:97:18":1,"s:97:44:97:80":2,"b:97:67:97:74:97:74:97:80":0,"f:103:17:103:18":2,"s:103:44:103:80":3,"b:103:67:103:74:103:74:103:80":1,"f:121:10:121:16":3,"s:121:16:121:Infinity":4,"f:122:12:122:13":4,"s:123:8:125:Infinity":5,"f:126:17:126:18":5,"s:126:29:126:Infinity":6,"f:129:10:129:16":6,"s:129:16:129:Infinity":7,"f:130:12:130:13":7,"s:130:24:130:Infinity":8,"f:131:17:131:18":8,"s:131:29:131:Infinity":9,"s:176:29:214:Infinity":10,"f:176:29:176:30":9,"s:177:2:213:Infinity":11,"b:179:17:179:41:179:41:179:Infinity":2,"b:180:21:180:49:180:49:180:Infinity":3,"b:181:22:181:51:181:51:181:Infinity":4,"b:182:17:182:41:182:41:182:Infinity":5,"b:183:11:183:29:183:29:183:Infinity":6,"b:184:11:184:29:184:29:184:Infinity":7,"b:185:12:185:31:185:31:185:Infinity":8,"b:186:16:186:39:186:39:186:Infinity":9,"b:193:17:193:41:193:41:193:Infinity":10,"b:195:13:195:34:195:34:195:Infinity":11,"b:196:13:196:34:196:34:196:Infinity":12,"b:200:17:200:41:200:41:200:Infinity":13,"b:201:21:201:49:201:49:201:Infinity":14,"s:216:41:223:Infinity":12,"f:216:41:216:42":10,"s:217:2:222:Infinity":13,"f:217:19:217:20":11,"s:217:30:222:4":14,"s:225:47:231:Infinity":15,"f:225:47:225:48":12,"s:226:2:230:Infinity":16,"f:226:19:226:20":13,"s:226:30:230:4":17},"fnNames":{}}}
,"C:\\Users\\Usuario\\Desktop\\UTN\\INGENIERIA Y CALIDAD DE SOFTWARE\\proyecto1\\Proyecto1_Front\\src\\componentes\\gestion-producto\\producto\\utils\\calcular-precio.ts": {"path":"C:\\Users\\Usuario\\Desktop\\UTN\\INGENIERIA Y CALIDAD DE SOFTWARE\\proyecto1\\Proyecto1_Front\\src\\componentes\\gestion-producto\\producto\\utils\\calcular-precio.ts","statementMap":{"0":{"start":{"line":9,"column":19},"end":{"line":9,"column":null}},"1":{"start":{"line":10,"column":24},"end":{"line":10,"column":null}},"2":{"start":{"line":11,"column":2},"end":{"line":11,"column":null}}},"fnMap":{"0":{"name":"calcularPrecio","decl":{"start":{"line":8,"column":16},"end":{"line":8,"column":31}},"loc":{"start":{"line":8,"column":74},"end":{"line":12,"column":null}},"line":8}},"branchMap":{"0":{"loc":{"start":{"line":9,"column":19},"end":{"line":9,"column":null}},"type":"cond-expr","locations":[{"start":{"line":9,"column":47},"end":{"line":9,"column":55}},{"start":{"line":9,"column":55},"end":{"line":9,"column":null}}],"line":9},"1":{"loc":{"start":{"line":9,"column":55},"end":{"line":9,"column":null}},"type":"binary-expr","locations":[{"start":{"line":9,"column":55},"end":{"line":9,"column":72}},{"start":{"line":9,"column":72},"end":{"line":9,"column":null}}],"line":9},"2":{"loc":{"start":{"line":10,"column":24},"end":{"line":10,"column":null}},"type":"cond-expr","locations":[{"start":{"line":10,"column":57},"end":{"line":10,"column":70}},{"start":{"line":10,"column":70},"end":{"line":10,"column":null}}],"line":10},"3":{"loc":{"start":{"line":10,"column":70},"end":{"line":10,"column":null}},"type":"binary-expr","locations":[{"start":{"line":10,"column":70},"end":{"line":10,"column":92}},{"start":{"line":10,"column":92},"end":{"line":10,"column":null}}],"line":10}},"s":{"0":7,"1":7,"2":7},"f":{"0":7},"b":{"0":[7,0],"1":[0,0],"2":[7,0],"3":[0,0]},"meta":{"lastBranch":4,"lastFunction":1,"lastStatement":3,"seen":{"f:8:16:8:31":0,"s:9:19:9:Infinity":0,"b:9:47:9:55:9:55:9:Infinity":0,"b:9:55:9:72:9:72:9:Infinity":1,"s:10:24:10:Infinity":1,"b:10:57:10:70:10:70:10:Infinity":2,"b:10:70:10:92:10:92:10:Infinity":3,"s:11:2:11:Infinity":2},"fnNames":{}}}
,"C:\\Users\\Usuario\\Desktop\\UTN\\INGENIERIA Y CALIDAD DE SOFTWARE\\proyecto1\\Proyecto1_Front\\src\\interfaces\\generales\\interfaces-generales.tsx": {"path":"C:\\Users\\Usuario\\Desktop\\UTN\\INGENIERIA Y CALIDAD DE SOFTWARE\\proyecto1\\Proyecto1_Front\\src\\interfaces\\generales\\interfaces-generales.tsx","statementMap":{"0":{"start":{"line":62,"column":21},"end":{"line":67,"column":null}},"1":{"start":{"line":69,"column":36},"end":{"line":73,"column":null}},"2":{"start":{"line":75,"column":27},"end":{"line":78,"column":null}},"3":{"start":{"line":80,"column":26},"end":{"line":86,"column":null}},"4":{"start":{"line":89,"column":30},"end":{"line":96,"column":null}},"5":{"start":{"line":97,"column":27},"end":{"line":102,"column":null}},"6":{"start":{"line":104,"column":27},"end":{"line":107,"column":null}},"7":{"start":{"line":109,"column":22},"end":{"line":112,"column":null}},"8":{"start":{"line":114,"column":21},"end":{"line":117,"column":null}},"9":{"start":{"line":120,"column":19},"end":{"line":129,"column":null}},"10":{"start":{"line":131,"column":24},"end":{"line":134,"column":null}},"11":{"start":{"line":137,"column":29},"end":{"line":169,"column":null}},"12":{"start":{"line":172,"column":29},"end":{"line":176,"column":null}}},"fnMap":{},"branchMap":{},"s":{"0":1,"1":1,"2":1,"3":1,"4":1,"5":1,"6":1,"7":1,"8":1,"9":1,"10":1,"11":1,"12":1},"f":{},"b":{},"meta":{"lastBranch":0,"lastFunction":0,"lastStatement":13,"seen":{"s:62:21:67:Infinity":0,"s:69:36:73:Infinity":1,"s:75:27:78:Infinity":2,"s:80:26:86:Infinity":3,"s:89:30:96:Infinity":4,"s:97:27:102:Infinity":5,"s:104:27:107:Infinity":6,"s:109:22:112:Infinity":7,"s:114:21:117:Infinity":8,"s:120:19:129:Infinity":9,"s:131:24:134:Infinity":10,"s:137:29:169:Infinity":11,"s:172:29:176:Infinity":12},"fnNames":{}}}
,"C:\\Users\\Usuario\\Desktop\\UTN\\INGENIERIA Y CALIDAD DE SOFTWARE\\proyecto1\\Proyecto1_Front\\src\\utils\\errores.ts": {"path":"C:\\Users\\Usuario\\Desktop\\UTN\\INGENIERIA Y CALIDAD DE SOFTWARE\\proyecto1\\Proyecto1_Front\\src\\utils\\errores.ts","statementMap":{"0":{"start":{"line":3,"column":23},"end":{"line":3,"column":null}},"1":{"start":{"line":5,"column":2},"end":{"line":10,"column":null}},"2":{"start":{"line":6,"column":4},"end":{"line":8,"column":null}},"3":{"start":{"line":7,"column":6},"end":{"line":7,"column":null}},"4":{"start":{"line":9,"column":4},"end":{"line":9,"column":null}},"5":{"start":{"line":12,"column":2},"end":{"line":12,"column":null}},"6":{"start":{"line":12,"column":40},"end":{"line":12,"column":null}},"7":{"start":{"line":15,"column":2},"end":{"line":28,"column":null}},"8":{"start":{"line":16,"column":22},"end":{"line":25,"column":null}},"9":{"start":{"line":18,"column":8},"end":{"line":18,"column":null}},"10":{"start":{"line":18,"column":37},"end":{"line":18,"column":null}},"11":{"start":{"line":19,"column":8},"end":{"line":21,"column":null}},"12":{"start":{"line":20,"column":10},"end":{"line":20,"column":null}},"13":{"start":{"line":22,"column":8},"end":{"line":22,"column":null}},"14":{"start":{"line":27,"column":4},"end":{"line":27,"column":null}},"15":{"start":{"line":27,"column":19},"end":{"line":27,"column":null}},"16":{"start":{"line":31,"column":2},"end":{"line":31,"column":null}},"17":{"start":{"line":31,"column":48},"end":{"line":31,"column":null}},"18":{"start":{"line":34,"column":2},"end":{"line":47,"column":null}},"19":{"start":{"line":39,"column":18},"end":{"line":39,"column":null}},"20":{"start":{"line":40,"column":4},"end":{"line":40,"column":null}},"21":{"start":{"line":40,"column":35},"end":{"line":40,"column":null}},"22":{"start":{"line":41,"column":4},"end":{"line":46,"column":null}},"23":{"start":{"line":42,"column":6},"end":{"line":45,"column":null}},"24":{"start":{"line":43,"column":28},"end":{"line":43,"column":73}},"25":{"start":{"line":50,"column":2},"end":{"line":52,"column":null}},"26":{"start":{"line":51,"column":4},"end":{"line":51,"column":null}},"27":{"start":{"line":54,"column":2},"end":{"line":54,"column":null}}},"fnMap":{"0":{"name":"parseApiError","decl":{"start":{"line":2,"column":16},"end":{"line":2,"column":30}},"loc":{"start":{"line":2,"column":50},"end":{"line":55,"column":null}},"line":2},"1":{"name":"(anonymous_1)","decl":{"start":{"line":17,"column":11},"end":{"line":17,"column":12}},"loc":{"start":{"line":17,"column":25},"end":{"line":23,"column":7}},"line":17},"2":{"name":"(anonymous_2)","decl":{"start":{"line":43,"column":13},"end":{"line":43,"column":14}},"loc":{"start":{"line":43,"column":28},"end":{"line":43,"column":73}},"line":43}},"branchMap":{"0":{"loc":{"start":{"line":5,"column":2},"end":{"line":10,"column":null}},"type":"if","locations":[{"start":{"line":5,"column":2},"end":{"line":10,"column":null}},{"start":{},"end":{}}],"line":5},"1":{"loc":{"start":{"line":6,"column":4},"end":{"line":8,"column":null}},"type":"if","locations":[{"start":{"line":6,"column":4},"end":{"line":8,"column":null}},{"start":{},"end":{}}],"line":6},"2":{"loc":{"start":{"line":6,"column":8},"end":{"line":6,"column":86}},"type":"binary-expr","locations":[{"start":{"line":6,"column":8},"end":{"line":6,"column":46}},{"start":{"line":6,"column":46},"end":{"line":6,"column":86}}],"line":6},"3":{"loc":{"start":{"line":12,"column":2},"end":{"line":12,"column":null}},"type":"if","locations":[{"start":{"line":12,"column":2},"end":{"line":12,"column":null}},{"start":{},"end":{}}],"line":12},"4":{"loc":{"start":{"line":15,"column":2},"end":{"line":28,"column":null}},"type":"if","locations":[{"start":{"line":15,"column":2},"end":{"line":28,"column":null}},{"start":{},"end":{}}],"line":15},"5":{"loc":{"start":{"line":18,"column":8},"end":{"line":18,"column":null}},"type":"if","locations":[{"start":{"line":18,"column":8},"end":{"line":18,"column":null}},{"start":{},"end":{}}],"line":18},"6":{"loc":{"start":{"line":19,"column":8},"end":{"line":21,"column":null}},"type":"if","locations":[{"start":{"line":19,"column":8},"end":{"line":21,"column":null}},{"start":{},"end":{}}],"line":19},"7":{"loc":{"start":{"line":19,"column":12},"end":{"line":19,"column":79}},"type":"binary-expr","locations":[{"start":{"line":19,"column":12},"end":{"line":19,"column":19}},{"start":{"line":19,"column":19},"end":{"line":19,"column":46}},{"start":{"line":19,"column":46},"end":{"line":19,"column":79}}],"line":19},"8":{"loc":{"start":{"line":27,"column":4},"end":{"line":27,"column":null}},"type":"if","locations":[{"start":{"line":27,"column":4},"end":{"line":27,"column":null}},{"start":{},"end":{}}],"line":27},"9":{"loc":{"start":{"line":31,"column":2},"end":{"line":31,"column":null}},"type":"if","locations":[{"start":{"line":31,"column":2},"end":{"line":31,"column":null}},{"start":{},"end":{}}],"line":31},"10":{"loc":{"start":{"line":34,"column":2},"end":{"line":47,"column":null}},"type":"if","locations":[{"start":{"line":34,"column":2},"end":{"line":47,"column":null}},{"start":{},"end":{}}],"line":34},"11":{"loc":{"start":{"line":35,"column":4},"end":{"line":37,"column":null}},"type":"binary-expr","locations":[{"start":{"line":35,"column":4},"end":{"line":35,"column":null}},{"start":{"line":36,"column":4},"end":{"line":36,"column":null}},{"start":{"line":37,"column":4},"end":{"line":37,"column":null}}],"line":35},"12":{"loc":{"start":{"line":40,"column":4},"end":{"line":40,"column":null}},"type":"if","locations":[{"start":{"line":40,"column":4},"end":{"line":40,"column":null}},{"start":{},"end":{}}],"line":40},"13":{"loc":{"start":{"line":41,"column":4},"end":{"line":46,"column":null}},"type":"if","locations":[{"start":{"line":41,"column":4},"end":{"line":46,"column":null}},{"start":{},"end":{}}],"line":41},"14":{"loc":{"start":{"line":43,"column":28},"end":{"line":43,"column":73}},"type":"cond-expr","locations":[{"start":{"line":43,"column":54},"end":{"line":43,"column":60}},{"start":{"line":43,"column":60},"end":{"line":43,"column":73}}],"line":43},"15":{"loc":{"start":{"line":50,"column":2},"end":{"line":52,"column":null}},"type":"if","locations":[{"start":{"line":50,"column":2},"end":{"line":52,"column":null}},{"start":{},"end":{}}],"line":50},"16":{"loc":{"start":{"line":50,"column":6},"end":{"line":50,"column":86}},"type":"binary-expr","locations":[{"start":{"line":50,"column":6},"end":{"line":50,"column":48}},{"start":{"line":50,"column":48},"end":{"line":50,"column":86}}],"line":50}},"s":{"0":9,"1":9,"2":6,"3":0,"4":6,"5":3,"6":0,"7":3,"8":1,"9":2,"10":2,"11":0,"12":0,"13":0,"14":1,"15":1,"16":2,"17":1,"18":1,"19":0,"20":0,"21":0,"22":0,"23":0,"24":0,"25":1,"26":0,"27":1},"f":{"0":9,"1":2,"2":0},"b":{"0":[6,3],"1":[0,6],"2":[6,1],"3":[0,3],"4":[1,2],"5":[2,0],"6":[0,0],"7":[0,0,0],"8":[1,0],"9":[1,1],"10":[0,1],"11":[1,1,1],"12":[0,0],"13":[0,0],"14":[0,0],"15":[0,1],"16":[1,0]},"meta":{"lastBranch":17,"lastFunction":3,"lastStatement":28,"seen":{"f:2:16:2:30":0,"s:3:23:3:Infinity":0,"b:5:2:10:Infinity:undefined:undefined:undefined:undefined":0,"s:5:2:10:Infinity":1,"b:6:4:8:Infinity:undefined:undefined:undefined:undefined":1,"s:6:4:8:Infinity":2,"b:6:8:6:46:6:46:6:86":2,"s:7:6:7:Infinity":3,"s:9:4:9:Infinity":4,"b:12:2:12:Infinity:undefined:undefined:undefined:undefined":3,"s:12:2:12:Infinity":5,"s:12:40:12:Infinity":6,"b:15:2:28:Infinity:undefined:undefined:undefined:undefined":4,"s:15:2:28:Infinity":7,"s:16:22:25:Infinity":8,"f:17:11:17:12":1,"b:18:8:18:Infinity:undefined:undefined:undefined:undefined":5,"s:18:8:18:Infinity":9,"s:18:37:18:Infinity":10,"b:19:8:21:Infinity:undefined:undefined:undefined:undefined":6,"s:19:8:21:Infinity":11,"b:19:12:19:19:19:19:19:46:19:46:19:79":7,"s:20:10:20:Infinity":12,"s:22:8:22:Infinity":13,"b:27:4:27:Infinity:undefined:undefined:undefined:undefined":8,"s:27:4:27:Infinity":14,"s:27:19:27:Infinity":15,"b:31:2:31:Infinity:undefined:undefined:undefined:undefined":9,"s:31:2:31:Infinity":16,"s:31:48:31:Infinity":17,"b:34:2:47:Infinity:undefined:undefined:undefined:undefined":10,"s:34:2:47:Infinity":18,"b:35:4:35:Infinity:36:4:36:Infinity:37:4:37:Infinity":11,"s:39:18:39:Infinity":19,"b:40:4:40:Infinity:undefined:undefined:undefined:undefined":12,"s:40:4:40:Infinity":20,"s:40:35:40:Infinity":21,"b:41:4:46:Infinity:undefined:undefined:undefined:undefined":13,"s:41:4:46:Infinity":22,"s:42:6:45:Infinity":23,"f:43:13:43:14":2,"s:43:28:43:73":24,"b:43:54:43:60:43:60:43:73":14,"b:50:2:52:Infinity:undefined:undefined:undefined:undefined":15,"s:50:2:52:Infinity":25,"b:50:6:50:48:50:48:50:86":16,"s:51:4:51:Infinity":26,"s:54:2:54:Infinity":27},"fnNames":{}}}
}
